<?xml version="1.0" encoding="UTF-8"?>
<testsuite name="test.ByCardTest" tests="32" skipped="0" failures="20" errors="0" timestamp="2025-09-15T21:41:45" hostname="MacBook-Pro-Andrej.local" time="107.635">
  <properties/>
  <testcase name="Проверка проверка некорректного года (спецсимволы)" classname="test.ByCardTest" time="4.42">
    <failure message="Element not found {.input__sub.findBy(exact text &quot;Поле обязательно для заполнения&quot;)}&#10;Expected: visible&#10;Screenshot: file:/Users/bawoper/Desktop/QAdiplom/diplom/build/reports/tests/1757972510219.20.png&#10;Page source: file:/Users/bawoper/Desktop/QAdiplom/diplom/build/reports/tests/1757972510219.20.html&#10;Timeout: 4 s.&#10;Caused by: NoSuchElementException: Cannot locate an element .input__sub.findBy(exact text &quot;Поле обязательно для заполнения&quot;)" type="com.codeborne.selenide.ex.ElementNotFound">Element not found {.input__sub.findBy(exact text &quot;Поле обязательно для заполнения&quot;)}
Expected: visible
Screenshot: file:/Users/bawoper/Desktop/QAdiplom/diplom/build/reports/tests/1757972510219.20.png
Page source: file:/Users/bawoper/Desktop/QAdiplom/diplom/build/reports/tests/1757972510219.20.html
Timeout: 4 s.
Caused by: NoSuchElementException: Cannot locate an element .input__sub.findBy(exact text &quot;Поле обязательно для заполнения&quot;)
	at app//com.codeborne.selenide.impl.WebElementSource.createElementNotFoundError(WebElementSource.java:91)
	at app//com.codeborne.selenide.impl.WebElementSource.handleError(WebElementSource.java:143)
	at app//com.codeborne.selenide.impl.WebElementSource.checkConditionAndReturnElement(WebElementSource.java:127)
	at app//com.codeborne.selenide.impl.WebElementSource.checkCondition(WebElementSource.java:104)
	at app//com.codeborne.selenide.commands.Should.execute(Should.java:30)
	at app//com.codeborne.selenide.commands.Should.execute(Should.java:14)
	at app//com.codeborne.selenide.commands.Commands.execute(Commands.java:165)
	at app//com.codeborne.selenide.impl.SelenideElementProxy.dispatchAndRetry(SelenideElementProxy.java:132)
	at app//com.codeborne.selenide.impl.SelenideElementProxy.invoke(SelenideElementProxy.java:84)
	at app//com.sun.proxy.$Proxy15.shouldBe(Unknown Source)
	at app//page.PurchaseTour.findErrorMessage(PurchaseTour.java:80)
	at app//test.ByCardTest.checkWrongYear_1(ByCardTest.java:276)
	at java.base@11.0.26/java.lang.reflect.Method.invoke(Method.java:566)
	at java.base@11.0.26/java.util.ArrayList.forEach(ArrayList.java:1541)
	at java.base@11.0.26/java.util.ArrayList.forEach(ArrayList.java:1541)
Caused by: org.openqa.selenium.NoSuchElementException: Cannot locate an element .input__sub.findBy(exact text &quot;Поле обязательно для заполнения&quot;)
For documentation on this error, please visit: https://www.selenium.dev/documentation/webdriver/troubleshooting/errors#no-such-element-exception
Build info: version: '4.13.0', revision: 'ba948ece5b*'
System info: os.name: 'Mac OS X', os.arch: 'aarch64', os.version: '15.6.1', java.version: '11.0.26'
Driver info: driver.version: unknown
	at app//com.codeborne.selenide.impl.CollectionElementByCondition.getWebElement(CollectionElementByCondition.java:55)
	at app//com.codeborne.selenide.impl.WebElementSource.checkConditionAndReturnElement(WebElementSource.java:116)
	... 12 more
</failure>
  </testcase>
  <testcase name="Проверка проверка некорректного года (латиница)" classname="test.ByCardTest" time="4.409">
    <failure message="Element not found {.input__sub.findBy(exact text &quot;Поле обязательно для заполнения&quot;)}&#10;Expected: visible&#10;Screenshot: file:/Users/bawoper/Desktop/QAdiplom/diplom/build/reports/tests/1757972514641.21.png&#10;Page source: file:/Users/bawoper/Desktop/QAdiplom/diplom/build/reports/tests/1757972514641.21.html&#10;Timeout: 4 s.&#10;Caused by: NoSuchElementException: Cannot locate an element .input__sub.findBy(exact text &quot;Поле обязательно для заполнения&quot;)" type="com.codeborne.selenide.ex.ElementNotFound">Element not found {.input__sub.findBy(exact text &quot;Поле обязательно для заполнения&quot;)}
Expected: visible
Screenshot: file:/Users/bawoper/Desktop/QAdiplom/diplom/build/reports/tests/1757972514641.21.png
Page source: file:/Users/bawoper/Desktop/QAdiplom/diplom/build/reports/tests/1757972514641.21.html
Timeout: 4 s.
Caused by: NoSuchElementException: Cannot locate an element .input__sub.findBy(exact text &quot;Поле обязательно для заполнения&quot;)
	at app//com.codeborne.selenide.impl.WebElementSource.createElementNotFoundError(WebElementSource.java:91)
	at app//com.codeborne.selenide.impl.WebElementSource.handleError(WebElementSource.java:143)
	at app//com.codeborne.selenide.impl.WebElementSource.checkConditionAndReturnElement(WebElementSource.java:127)
	at app//com.codeborne.selenide.impl.WebElementSource.checkCondition(WebElementSource.java:104)
	at app//com.codeborne.selenide.commands.Should.execute(Should.java:30)
	at app//com.codeborne.selenide.commands.Should.execute(Should.java:14)
	at app//com.codeborne.selenide.commands.Commands.execute(Commands.java:165)
	at app//com.codeborne.selenide.impl.SelenideElementProxy.dispatchAndRetry(SelenideElementProxy.java:132)
	at app//com.codeborne.selenide.impl.SelenideElementProxy.invoke(SelenideElementProxy.java:84)
	at app//com.sun.proxy.$Proxy15.shouldBe(Unknown Source)
	at app//page.PurchaseTour.findErrorMessage(PurchaseTour.java:80)
	at app//test.ByCardTest.checkWrongYear_2(ByCardTest.java:289)
	at java.base@11.0.26/java.lang.reflect.Method.invoke(Method.java:566)
	at java.base@11.0.26/java.util.ArrayList.forEach(ArrayList.java:1541)
	at java.base@11.0.26/java.util.ArrayList.forEach(ArrayList.java:1541)
Caused by: org.openqa.selenium.NoSuchElementException: Cannot locate an element .input__sub.findBy(exact text &quot;Поле обязательно для заполнения&quot;)
For documentation on this error, please visit: https://www.selenium.dev/documentation/webdriver/troubleshooting/errors#no-such-element-exception
Build info: version: '4.13.0', revision: 'ba948ece5b*'
System info: os.name: 'Mac OS X', os.arch: 'aarch64', os.version: '15.6.1', java.version: '11.0.26'
Driver info: driver.version: unknown
	at app//com.codeborne.selenide.impl.CollectionElementByCondition.getWebElement(CollectionElementByCondition.java:55)
	at app//com.codeborne.selenide.impl.WebElementSource.checkConditionAndReturnElement(WebElementSource.java:116)
	... 12 more
</failure>
  </testcase>
  <testcase name="Проверка проверка некорректного года (кириллица)" classname="test.ByCardTest" time="4.394">
    <failure message="Element not found {.input__sub.findBy(exact text &quot;Поле обязательно для заполнения&quot;)}&#10;Expected: visible&#10;Screenshot: file:/Users/bawoper/Desktop/QAdiplom/diplom/build/reports/tests/1757972519045.22.png&#10;Page source: file:/Users/bawoper/Desktop/QAdiplom/diplom/build/reports/tests/1757972519045.22.html&#10;Timeout: 4 s.&#10;Caused by: NoSuchElementException: Cannot locate an element .input__sub.findBy(exact text &quot;Поле обязательно для заполнения&quot;)" type="com.codeborne.selenide.ex.ElementNotFound">Element not found {.input__sub.findBy(exact text &quot;Поле обязательно для заполнения&quot;)}
Expected: visible
Screenshot: file:/Users/bawoper/Desktop/QAdiplom/diplom/build/reports/tests/1757972519045.22.png
Page source: file:/Users/bawoper/Desktop/QAdiplom/diplom/build/reports/tests/1757972519045.22.html
Timeout: 4 s.
Caused by: NoSuchElementException: Cannot locate an element .input__sub.findBy(exact text &quot;Поле обязательно для заполнения&quot;)
	at app//com.codeborne.selenide.impl.WebElementSource.createElementNotFoundError(WebElementSource.java:91)
	at app//com.codeborne.selenide.impl.WebElementSource.handleError(WebElementSource.java:143)
	at app//com.codeborne.selenide.impl.WebElementSource.checkConditionAndReturnElement(WebElementSource.java:127)
	at app//com.codeborne.selenide.impl.WebElementSource.checkCondition(WebElementSource.java:104)
	at app//com.codeborne.selenide.commands.Should.execute(Should.java:30)
	at app//com.codeborne.selenide.commands.Should.execute(Should.java:14)
	at app//com.codeborne.selenide.commands.Commands.execute(Commands.java:165)
	at app//com.codeborne.selenide.impl.SelenideElementProxy.dispatchAndRetry(SelenideElementProxy.java:132)
	at app//com.codeborne.selenide.impl.SelenideElementProxy.invoke(SelenideElementProxy.java:84)
	at app//com.sun.proxy.$Proxy15.shouldBe(Unknown Source)
	at app//page.PurchaseTour.findErrorMessage(PurchaseTour.java:80)
	at app//test.ByCardTest.checkWrongYear_3(ByCardTest.java:302)
	at java.base@11.0.26/java.lang.reflect.Method.invoke(Method.java:566)
	at java.base@11.0.26/java.util.ArrayList.forEach(ArrayList.java:1541)
	at java.base@11.0.26/java.util.ArrayList.forEach(ArrayList.java:1541)
Caused by: org.openqa.selenium.NoSuchElementException: Cannot locate an element .input__sub.findBy(exact text &quot;Поле обязательно для заполнения&quot;)
For documentation on this error, please visit: https://www.selenium.dev/documentation/webdriver/troubleshooting/errors#no-such-element-exception
Build info: version: '4.13.0', revision: 'ba948ece5b*'
System info: os.name: 'Mac OS X', os.arch: 'aarch64', os.version: '15.6.1', java.version: '11.0.26'
Driver info: driver.version: unknown
	at app//com.codeborne.selenide.impl.CollectionElementByCondition.getWebElement(CollectionElementByCondition.java:55)
	at app//com.codeborne.selenide.impl.WebElementSource.checkConditionAndReturnElement(WebElementSource.java:116)
	... 12 more
</failure>
  </testcase>
  <testcase name="Проверка пустой строки поля владелец" classname="test.ByCardTest" time="0.266"/>
  <testcase name="Проверка пустой строки поля год" classname="test.ByCardTest" time="4.425">
    <failure message="Element not found {.input__sub.findBy(exact text &quot;Поле обязательно для заполнения&quot;)}&#10;Expected: visible&#10;Screenshot: file:/Users/bawoper/Desktop/QAdiplom/diplom/build/reports/tests/1757972523717.23.png&#10;Page source: file:/Users/bawoper/Desktop/QAdiplom/diplom/build/reports/tests/1757972523717.23.html&#10;Timeout: 4 s.&#10;Caused by: NoSuchElementException: Cannot locate an element .input__sub.findBy(exact text &quot;Поле обязательно для заполнения&quot;)" type="com.codeborne.selenide.ex.ElementNotFound">Element not found {.input__sub.findBy(exact text &quot;Поле обязательно для заполнения&quot;)}
Expected: visible
Screenshot: file:/Users/bawoper/Desktop/QAdiplom/diplom/build/reports/tests/1757972523717.23.png
Page source: file:/Users/bawoper/Desktop/QAdiplom/diplom/build/reports/tests/1757972523717.23.html
Timeout: 4 s.
Caused by: NoSuchElementException: Cannot locate an element .input__sub.findBy(exact text &quot;Поле обязательно для заполнения&quot;)
	at app//com.codeborne.selenide.impl.WebElementSource.createElementNotFoundError(WebElementSource.java:91)
	at app//com.codeborne.selenide.impl.WebElementSource.handleError(WebElementSource.java:143)
	at app//com.codeborne.selenide.impl.WebElementSource.checkConditionAndReturnElement(WebElementSource.java:127)
	at app//com.codeborne.selenide.impl.WebElementSource.checkCondition(WebElementSource.java:104)
	at app//com.codeborne.selenide.commands.Should.execute(Should.java:30)
	at app//com.codeborne.selenide.commands.Should.execute(Should.java:14)
	at app//com.codeborne.selenide.commands.Commands.execute(Commands.java:165)
	at app//com.codeborne.selenide.impl.SelenideElementProxy.dispatchAndRetry(SelenideElementProxy.java:132)
	at app//com.codeborne.selenide.impl.SelenideElementProxy.invoke(SelenideElementProxy.java:84)
	at app//com.sun.proxy.$Proxy15.shouldBe(Unknown Source)
	at app//page.PurchaseTour.findErrorMessage(PurchaseTour.java:80)
	at app//test.ByCardTest.checkEmptyYearString(ByCardTest.java:237)
	at java.base@11.0.26/java.lang.reflect.Method.invoke(Method.java:566)
	at java.base@11.0.26/java.util.ArrayList.forEach(ArrayList.java:1541)
	at java.base@11.0.26/java.util.ArrayList.forEach(ArrayList.java:1541)
Caused by: org.openqa.selenium.NoSuchElementException: Cannot locate an element .input__sub.findBy(exact text &quot;Поле обязательно для заполнения&quot;)
For documentation on this error, please visit: https://www.selenium.dev/documentation/webdriver/troubleshooting/errors#no-such-element-exception
Build info: version: '4.13.0', revision: 'ba948ece5b*'
System info: os.name: 'Mac OS X', os.arch: 'aarch64', os.version: '15.6.1', java.version: '11.0.26'
Driver info: driver.version: unknown
	at app//com.codeborne.selenide.impl.CollectionElementByCondition.getWebElement(CollectionElementByCondition.java:55)
	at app//com.codeborne.selenide.impl.WebElementSource.checkConditionAndReturnElement(WebElementSource.java:116)
	... 12 more
</failure>
  </testcase>
  <testcase name="Проверка некорректного номера карты (спецсимволы)" classname="test.ByCardTest" time="4.41">
    <failure message="Element not found {.input__sub.findBy(exact text &quot;Поле обязательно для заполнения&quot;)}&#10;Expected: visible&#10;Screenshot: file:/Users/bawoper/Desktop/QAdiplom/diplom/build/reports/tests/1757972528150.24.png&#10;Page source: file:/Users/bawoper/Desktop/QAdiplom/diplom/build/reports/tests/1757972528150.24.html&#10;Timeout: 4 s.&#10;Caused by: NoSuchElementException: Cannot locate an element .input__sub.findBy(exact text &quot;Поле обязательно для заполнения&quot;)" type="com.codeborne.selenide.ex.ElementNotFound">Element not found {.input__sub.findBy(exact text &quot;Поле обязательно для заполнения&quot;)}
Expected: visible
Screenshot: file:/Users/bawoper/Desktop/QAdiplom/diplom/build/reports/tests/1757972528150.24.png
Page source: file:/Users/bawoper/Desktop/QAdiplom/diplom/build/reports/tests/1757972528150.24.html
Timeout: 4 s.
Caused by: NoSuchElementException: Cannot locate an element .input__sub.findBy(exact text &quot;Поле обязательно для заполнения&quot;)
	at app//com.codeborne.selenide.impl.WebElementSource.createElementNotFoundError(WebElementSource.java:91)
	at app//com.codeborne.selenide.impl.WebElementSource.handleError(WebElementSource.java:143)
	at app//com.codeborne.selenide.impl.WebElementSource.checkConditionAndReturnElement(WebElementSource.java:127)
	at app//com.codeborne.selenide.impl.WebElementSource.checkCondition(WebElementSource.java:104)
	at app//com.codeborne.selenide.commands.Should.execute(Should.java:30)
	at app//com.codeborne.selenide.commands.Should.execute(Should.java:14)
	at app//com.codeborne.selenide.commands.Commands.execute(Commands.java:165)
	at app//com.codeborne.selenide.impl.SelenideElementProxy.dispatchAndRetry(SelenideElementProxy.java:132)
	at app//com.codeborne.selenide.impl.SelenideElementProxy.invoke(SelenideElementProxy.java:84)
	at app//com.sun.proxy.$Proxy15.shouldBe(Unknown Source)
	at app//page.PurchaseTour.findErrorMessage(PurchaseTour.java:80)
	at app//test.ByCardTest.checkWrongCardNumber_1(ByCardTest.java:80)
	at java.base@11.0.26/java.lang.reflect.Method.invoke(Method.java:566)
	at java.base@11.0.26/java.util.ArrayList.forEach(ArrayList.java:1541)
	at java.base@11.0.26/java.util.ArrayList.forEach(ArrayList.java:1541)
Caused by: org.openqa.selenium.NoSuchElementException: Cannot locate an element .input__sub.findBy(exact text &quot;Поле обязательно для заполнения&quot;)
For documentation on this error, please visit: https://www.selenium.dev/documentation/webdriver/troubleshooting/errors#no-such-element-exception
Build info: version: '4.13.0', revision: 'ba948ece5b*'
System info: os.name: 'Mac OS X', os.arch: 'aarch64', os.version: '15.6.1', java.version: '11.0.26'
Driver info: driver.version: unknown
	at app//com.codeborne.selenide.impl.CollectionElementByCondition.getWebElement(CollectionElementByCondition.java:55)
	at app//com.codeborne.selenide.impl.WebElementSource.checkConditionAndReturnElement(WebElementSource.java:116)
	... 12 more
</failure>
  </testcase>
  <testcase name="Проверка некорректного номера карты (15 цифр)" classname="test.ByCardTest" time="0.285"/>
  <testcase name="Проверка некорректного номера карты (латиница)" classname="test.ByCardTest" time="4.42">
    <failure message="Element not found {.input__sub.findBy(exact text &quot;Поле обязательно для заполнения&quot;)}&#10;Expected: visible&#10;Screenshot: file:/Users/bawoper/Desktop/QAdiplom/diplom/build/reports/tests/1757972532849.25.png&#10;Page source: file:/Users/bawoper/Desktop/QAdiplom/diplom/build/reports/tests/1757972532849.25.html&#10;Timeout: 4 s.&#10;Caused by: NoSuchElementException: Cannot locate an element .input__sub.findBy(exact text &quot;Поле обязательно для заполнения&quot;)" type="com.codeborne.selenide.ex.ElementNotFound">Element not found {.input__sub.findBy(exact text &quot;Поле обязательно для заполнения&quot;)}
Expected: visible
Screenshot: file:/Users/bawoper/Desktop/QAdiplom/diplom/build/reports/tests/1757972532849.25.png
Page source: file:/Users/bawoper/Desktop/QAdiplom/diplom/build/reports/tests/1757972532849.25.html
Timeout: 4 s.
Caused by: NoSuchElementException: Cannot locate an element .input__sub.findBy(exact text &quot;Поле обязательно для заполнения&quot;)
	at app//com.codeborne.selenide.impl.WebElementSource.createElementNotFoundError(WebElementSource.java:91)
	at app//com.codeborne.selenide.impl.WebElementSource.handleError(WebElementSource.java:143)
	at app//com.codeborne.selenide.impl.WebElementSource.checkConditionAndReturnElement(WebElementSource.java:127)
	at app//com.codeborne.selenide.impl.WebElementSource.checkCondition(WebElementSource.java:104)
	at app//com.codeborne.selenide.commands.Should.execute(Should.java:30)
	at app//com.codeborne.selenide.commands.Should.execute(Should.java:14)
	at app//com.codeborne.selenide.commands.Commands.execute(Commands.java:165)
	at app//com.codeborne.selenide.impl.SelenideElementProxy.dispatchAndRetry(SelenideElementProxy.java:132)
	at app//com.codeborne.selenide.impl.SelenideElementProxy.invoke(SelenideElementProxy.java:84)
	at app//com.sun.proxy.$Proxy15.shouldBe(Unknown Source)
	at app//page.PurchaseTour.findErrorMessage(PurchaseTour.java:80)
	at app//test.ByCardTest.checkWrongCardNumber_3(ByCardTest.java:106)
	at java.base@11.0.26/java.lang.reflect.Method.invoke(Method.java:566)
	at java.base@11.0.26/java.util.ArrayList.forEach(ArrayList.java:1541)
	at java.base@11.0.26/java.util.ArrayList.forEach(ArrayList.java:1541)
Caused by: org.openqa.selenium.NoSuchElementException: Cannot locate an element .input__sub.findBy(exact text &quot;Поле обязательно для заполнения&quot;)
For documentation on this error, please visit: https://www.selenium.dev/documentation/webdriver/troubleshooting/errors#no-such-element-exception
Build info: version: '4.13.0', revision: 'ba948ece5b*'
System info: os.name: 'Mac OS X', os.arch: 'aarch64', os.version: '15.6.1', java.version: '11.0.26'
Driver info: driver.version: unknown
	at app//com.codeborne.selenide.impl.CollectionElementByCondition.getWebElement(CollectionElementByCondition.java:55)
	at app//com.codeborne.selenide.impl.WebElementSource.checkConditionAndReturnElement(WebElementSource.java:116)
	... 12 more
</failure>
  </testcase>
  <testcase name="Проверка некорректного номера карты (кириллица)" classname="test.ByCardTest" time="4.415">
    <failure message="Element not found {.input__sub.findBy(exact text &quot;Поле обязательно для заполнения&quot;)}&#10;Expected: visible&#10;Screenshot: file:/Users/bawoper/Desktop/QAdiplom/diplom/build/reports/tests/1757972537258.26.png&#10;Page source: file:/Users/bawoper/Desktop/QAdiplom/diplom/build/reports/tests/1757972537258.26.html&#10;Timeout: 4 s.&#10;Caused by: NoSuchElementException: Cannot locate an element .input__sub.findBy(exact text &quot;Поле обязательно для заполнения&quot;)" type="com.codeborne.selenide.ex.ElementNotFound">Element not found {.input__sub.findBy(exact text &quot;Поле обязательно для заполнения&quot;)}
Expected: visible
Screenshot: file:/Users/bawoper/Desktop/QAdiplom/diplom/build/reports/tests/1757972537258.26.png
Page source: file:/Users/bawoper/Desktop/QAdiplom/diplom/build/reports/tests/1757972537258.26.html
Timeout: 4 s.
Caused by: NoSuchElementException: Cannot locate an element .input__sub.findBy(exact text &quot;Поле обязательно для заполнения&quot;)
	at app//com.codeborne.selenide.impl.WebElementSource.createElementNotFoundError(WebElementSource.java:91)
	at app//com.codeborne.selenide.impl.WebElementSource.handleError(WebElementSource.java:143)
	at app//com.codeborne.selenide.impl.WebElementSource.checkConditionAndReturnElement(WebElementSource.java:127)
	at app//com.codeborne.selenide.impl.WebElementSource.checkCondition(WebElementSource.java:104)
	at app//com.codeborne.selenide.commands.Should.execute(Should.java:30)
	at app//com.codeborne.selenide.commands.Should.execute(Should.java:14)
	at app//com.codeborne.selenide.commands.Commands.execute(Commands.java:165)
	at app//com.codeborne.selenide.impl.SelenideElementProxy.dispatchAndRetry(SelenideElementProxy.java:132)
	at app//com.codeborne.selenide.impl.SelenideElementProxy.invoke(SelenideElementProxy.java:84)
	at app//com.sun.proxy.$Proxy15.shouldBe(Unknown Source)
	at app//page.PurchaseTour.findErrorMessage(PurchaseTour.java:80)
	at app//test.ByCardTest.checkWrongCardNumber_4(ByCardTest.java:119)
	at java.base@11.0.26/java.lang.reflect.Method.invoke(Method.java:566)
	at java.base@11.0.26/java.util.ArrayList.forEach(ArrayList.java:1541)
	at java.base@11.0.26/java.util.ArrayList.forEach(ArrayList.java:1541)
Caused by: org.openqa.selenium.NoSuchElementException: Cannot locate an element .input__sub.findBy(exact text &quot;Поле обязательно для заполнения&quot;)
For documentation on this error, please visit: https://www.selenium.dev/documentation/webdriver/troubleshooting/errors#no-such-element-exception
Build info: version: '4.13.0', revision: 'ba948ece5b*'
System info: os.name: 'Mac OS X', os.arch: 'aarch64', os.version: '15.6.1', java.version: '11.0.26'
Driver info: driver.version: unknown
	at app//com.codeborne.selenide.impl.CollectionElementByCondition.getWebElement(CollectionElementByCondition.java:55)
	at app//com.codeborne.selenide.impl.WebElementSource.checkConditionAndReturnElement(WebElementSource.java:116)
	... 12 more
</failure>
  </testcase>
  <testcase name="Проверка некорректного номера карты (все нули)" classname="test.ByCardTest" time="4.58">
    <failure message="Element not found {.input__sub.findBy(exact text &quot;Неверный формат&quot;)}&#10;Expected: visible&#10;Screenshot: file:/Users/bawoper/Desktop/QAdiplom/diplom/build/reports/tests/1757972541791.27.png&#10;Page source: file:/Users/bawoper/Desktop/QAdiplom/diplom/build/reports/tests/1757972541791.27.html&#10;Timeout: 4 s.&#10;Caused by: NoSuchElementException: Cannot locate an element .input__sub.findBy(exact text &quot;Неверный формат&quot;)" type="com.codeborne.selenide.ex.ElementNotFound">Element not found {.input__sub.findBy(exact text &quot;Неверный формат&quot;)}
Expected: visible
Screenshot: file:/Users/bawoper/Desktop/QAdiplom/diplom/build/reports/tests/1757972541791.27.png
Page source: file:/Users/bawoper/Desktop/QAdiplom/diplom/build/reports/tests/1757972541791.27.html
Timeout: 4 s.
Caused by: NoSuchElementException: Cannot locate an element .input__sub.findBy(exact text &quot;Неверный формат&quot;)
	at app//com.codeborne.selenide.impl.WebElementSource.createElementNotFoundError(WebElementSource.java:91)
	at app//com.codeborne.selenide.impl.WebElementSource.handleError(WebElementSource.java:143)
	at app//com.codeborne.selenide.impl.WebElementSource.checkConditionAndReturnElement(WebElementSource.java:127)
	at app//com.codeborne.selenide.impl.WebElementSource.checkCondition(WebElementSource.java:104)
	at app//com.codeborne.selenide.commands.Should.execute(Should.java:30)
	at app//com.codeborne.selenide.commands.Should.execute(Should.java:14)
	at app//com.codeborne.selenide.commands.Commands.execute(Commands.java:165)
	at app//com.codeborne.selenide.impl.SelenideElementProxy.dispatchAndRetry(SelenideElementProxy.java:132)
	at app//com.codeborne.selenide.impl.SelenideElementProxy.invoke(SelenideElementProxy.java:84)
	at app//com.sun.proxy.$Proxy15.shouldBe(Unknown Source)
	at app//page.PurchaseTour.findErrorMessage(PurchaseTour.java:80)
	at app//test.ByCardTest.checkWrongCardNumber_5(ByCardTest.java:132)
	at java.base@11.0.26/java.lang.reflect.Method.invoke(Method.java:566)
	at java.base@11.0.26/java.util.ArrayList.forEach(ArrayList.java:1541)
	at java.base@11.0.26/java.util.ArrayList.forEach(ArrayList.java:1541)
Caused by: org.openqa.selenium.NoSuchElementException: Cannot locate an element .input__sub.findBy(exact text &quot;Неверный формат&quot;)
For documentation on this error, please visit: https://www.selenium.dev/documentation/webdriver/troubleshooting/errors#no-such-element-exception
Build info: version: '4.13.0', revision: 'ba948ece5b*'
System info: os.name: 'Mac OS X', os.arch: 'aarch64', os.version: '15.6.1', java.version: '11.0.26'
Driver info: driver.version: unknown
	at app//com.codeborne.selenide.impl.CollectionElementByCondition.getWebElement(CollectionElementByCondition.java:55)
	at app//com.codeborne.selenide.impl.WebElementSource.checkConditionAndReturnElement(WebElementSource.java:116)
	... 12 more
</failure>
  </testcase>
  <testcase name="Проверка пустой строки поля месяц" classname="test.ByCardTest" time="4.392">
    <failure message="Element not found {.input__sub.findBy(exact text &quot;Поле обязательно для заполнения&quot;)}&#10;Expected: visible&#10;Screenshot: file:/Users/bawoper/Desktop/QAdiplom/diplom/build/reports/tests/1757972546266.28.png&#10;Page source: file:/Users/bawoper/Desktop/QAdiplom/diplom/build/reports/tests/1757972546266.28.html&#10;Timeout: 4 s.&#10;Caused by: NoSuchElementException: Cannot locate an element .input__sub.findBy(exact text &quot;Поле обязательно для заполнения&quot;)" type="com.codeborne.selenide.ex.ElementNotFound">Element not found {.input__sub.findBy(exact text &quot;Поле обязательно для заполнения&quot;)}
Expected: visible
Screenshot: file:/Users/bawoper/Desktop/QAdiplom/diplom/build/reports/tests/1757972546266.28.png
Page source: file:/Users/bawoper/Desktop/QAdiplom/diplom/build/reports/tests/1757972546266.28.html
Timeout: 4 s.
Caused by: NoSuchElementException: Cannot locate an element .input__sub.findBy(exact text &quot;Поле обязательно для заполнения&quot;)
	at app//com.codeborne.selenide.impl.WebElementSource.createElementNotFoundError(WebElementSource.java:91)
	at app//com.codeborne.selenide.impl.WebElementSource.handleError(WebElementSource.java:143)
	at app//com.codeborne.selenide.impl.WebElementSource.checkConditionAndReturnElement(WebElementSource.java:127)
	at app//com.codeborne.selenide.impl.WebElementSource.checkCondition(WebElementSource.java:104)
	at app//com.codeborne.selenide.commands.Should.execute(Should.java:30)
	at app//com.codeborne.selenide.commands.Should.execute(Should.java:14)
	at app//com.codeborne.selenide.commands.Commands.execute(Commands.java:165)
	at app//com.codeborne.selenide.impl.SelenideElementProxy.dispatchAndRetry(SelenideElementProxy.java:132)
	at app//com.codeborne.selenide.impl.SelenideElementProxy.invoke(SelenideElementProxy.java:84)
	at app//com.sun.proxy.$Proxy15.shouldBe(Unknown Source)
	at app//page.PurchaseTour.findErrorMessage(PurchaseTour.java:80)
	at app//test.ByCardTest.checkEmptyMonthString(ByCardTest.java:145)
	at java.base@11.0.26/java.lang.reflect.Method.invoke(Method.java:566)
	at java.base@11.0.26/java.util.ArrayList.forEach(ArrayList.java:1541)
	at java.base@11.0.26/java.util.ArrayList.forEach(ArrayList.java:1541)
Caused by: org.openqa.selenium.NoSuchElementException: Cannot locate an element .input__sub.findBy(exact text &quot;Поле обязательно для заполнения&quot;)
For documentation on this error, please visit: https://www.selenium.dev/documentation/webdriver/troubleshooting/errors#no-such-element-exception
Build info: version: '4.13.0', revision: 'ba948ece5b*'
System info: os.name: 'Mac OS X', os.arch: 'aarch64', os.version: '15.6.1', java.version: '11.0.26'
Driver info: driver.version: unknown
	at app//com.codeborne.selenide.impl.CollectionElementByCondition.getWebElement(CollectionElementByCondition.java:55)
	at app//com.codeborne.selenide.impl.WebElementSource.checkConditionAndReturnElement(WebElementSource.java:116)
	... 12 more
</failure>
  </testcase>
  <testcase name="Проверка некорректного владельца (спецсимволы)" classname="test.ByCardTest" time="4.567">
    <failure message="Element not found {.input__sub.findBy(exact text &quot;Неверный формат&quot;)}&#10;Expected: visible&#10;Screenshot: file:/Users/bawoper/Desktop/QAdiplom/diplom/build/reports/tests/1757972550744.29.png&#10;Page source: file:/Users/bawoper/Desktop/QAdiplom/diplom/build/reports/tests/1757972550744.29.html&#10;Timeout: 4 s.&#10;Caused by: NoSuchElementException: Cannot locate an element .input__sub.findBy(exact text &quot;Неверный формат&quot;)" type="com.codeborne.selenide.ex.ElementNotFound">Element not found {.input__sub.findBy(exact text &quot;Неверный формат&quot;)}
Expected: visible
Screenshot: file:/Users/bawoper/Desktop/QAdiplom/diplom/build/reports/tests/1757972550744.29.png
Page source: file:/Users/bawoper/Desktop/QAdiplom/diplom/build/reports/tests/1757972550744.29.html
Timeout: 4 s.
Caused by: NoSuchElementException: Cannot locate an element .input__sub.findBy(exact text &quot;Неверный формат&quot;)
	at app//com.codeborne.selenide.impl.WebElementSource.createElementNotFoundError(WebElementSource.java:91)
	at app//com.codeborne.selenide.impl.WebElementSource.handleError(WebElementSource.java:143)
	at app//com.codeborne.selenide.impl.WebElementSource.checkConditionAndReturnElement(WebElementSource.java:127)
	at app//com.codeborne.selenide.impl.WebElementSource.checkCondition(WebElementSource.java:104)
	at app//com.codeborne.selenide.commands.Should.execute(Should.java:30)
	at app//com.codeborne.selenide.commands.Should.execute(Should.java:14)
	at app//com.codeborne.selenide.commands.Commands.execute(Commands.java:165)
	at app//com.codeborne.selenide.impl.SelenideElementProxy.dispatchAndRetry(SelenideElementProxy.java:132)
	at app//com.codeborne.selenide.impl.SelenideElementProxy.invoke(SelenideElementProxy.java:84)
	at app//com.sun.proxy.$Proxy15.shouldBe(Unknown Source)
	at app//page.PurchaseTour.findErrorMessage(PurchaseTour.java:80)
	at app//test.ByCardTest.checkWrongCardHolder_1(ByCardTest.java:341)
	at java.base@11.0.26/java.lang.reflect.Method.invoke(Method.java:566)
	at java.base@11.0.26/java.util.ArrayList.forEach(ArrayList.java:1541)
	at java.base@11.0.26/java.util.ArrayList.forEach(ArrayList.java:1541)
Caused by: org.openqa.selenium.NoSuchElementException: Cannot locate an element .input__sub.findBy(exact text &quot;Неверный формат&quot;)
For documentation on this error, please visit: https://www.selenium.dev/documentation/webdriver/troubleshooting/errors#no-such-element-exception
Build info: version: '4.13.0', revision: 'ba948ece5b*'
System info: os.name: 'Mac OS X', os.arch: 'aarch64', os.version: '15.6.1', java.version: '11.0.26'
Driver info: driver.version: unknown
	at app//com.codeborne.selenide.impl.CollectionElementByCondition.getWebElement(CollectionElementByCondition.java:55)
	at app//com.codeborne.selenide.impl.WebElementSource.checkConditionAndReturnElement(WebElementSource.java:116)
	... 12 more
</failure>
  </testcase>
  <testcase name="Проверка некорректного владельца (кириллица)" classname="test.ByCardTest" time="4.586">
    <failure message="Element not found {.input__sub.findBy(exact text &quot;Неверный формат&quot;)}&#10;Expected: visible&#10;Screenshot: file:/Users/bawoper/Desktop/QAdiplom/diplom/build/reports/tests/1757972555344.30.png&#10;Page source: file:/Users/bawoper/Desktop/QAdiplom/diplom/build/reports/tests/1757972555344.30.html&#10;Timeout: 4 s.&#10;Caused by: NoSuchElementException: Cannot locate an element .input__sub.findBy(exact text &quot;Неверный формат&quot;)" type="com.codeborne.selenide.ex.ElementNotFound">Element not found {.input__sub.findBy(exact text &quot;Неверный формат&quot;)}
Expected: visible
Screenshot: file:/Users/bawoper/Desktop/QAdiplom/diplom/build/reports/tests/1757972555344.30.png
Page source: file:/Users/bawoper/Desktop/QAdiplom/diplom/build/reports/tests/1757972555344.30.html
Timeout: 4 s.
Caused by: NoSuchElementException: Cannot locate an element .input__sub.findBy(exact text &quot;Неверный формат&quot;)
	at app//com.codeborne.selenide.impl.WebElementSource.createElementNotFoundError(WebElementSource.java:91)
	at app//com.codeborne.selenide.impl.WebElementSource.handleError(WebElementSource.java:143)
	at app//com.codeborne.selenide.impl.WebElementSource.checkConditionAndReturnElement(WebElementSource.java:127)
	at app//com.codeborne.selenide.impl.WebElementSource.checkCondition(WebElementSource.java:104)
	at app//com.codeborne.selenide.commands.Should.execute(Should.java:30)
	at app//com.codeborne.selenide.commands.Should.execute(Should.java:14)
	at app//com.codeborne.selenide.commands.Commands.execute(Commands.java:165)
	at app//com.codeborne.selenide.impl.SelenideElementProxy.dispatchAndRetry(SelenideElementProxy.java:132)
	at app//com.codeborne.selenide.impl.SelenideElementProxy.invoke(SelenideElementProxy.java:84)
	at app//com.sun.proxy.$Proxy15.shouldBe(Unknown Source)
	at app//page.PurchaseTour.findErrorMessage(PurchaseTour.java:80)
	at app//test.ByCardTest.checkWrongCardHolder_2(ByCardTest.java:354)
	at java.base@11.0.26/java.lang.reflect.Method.invoke(Method.java:566)
	at java.base@11.0.26/java.util.ArrayList.forEach(ArrayList.java:1541)
	at java.base@11.0.26/java.util.ArrayList.forEach(ArrayList.java:1541)
Caused by: org.openqa.selenium.NoSuchElementException: Cannot locate an element .input__sub.findBy(exact text &quot;Неверный формат&quot;)
For documentation on this error, please visit: https://www.selenium.dev/documentation/webdriver/troubleshooting/errors#no-such-element-exception
Build info: version: '4.13.0', revision: 'ba948ece5b*'
System info: os.name: 'Mac OS X', os.arch: 'aarch64', os.version: '15.6.1', java.version: '11.0.26'
Driver info: driver.version: unknown
	at app//com.codeborne.selenide.impl.CollectionElementByCondition.getWebElement(CollectionElementByCondition.java:55)
	at app//com.codeborne.selenide.impl.WebElementSource.checkConditionAndReturnElement(WebElementSource.java:116)
	... 12 more
</failure>
  </testcase>
  <testcase name="Проверка некорректного заполнения CVC (три нуля)" classname="test.ByCardTest" time="4.575">
    <failure message="Element not found {.input__sub.findBy(exact text &quot;Неверный формат&quot;)}&#10;Expected: visible&#10;Screenshot: file:/Users/bawoper/Desktop/QAdiplom/diplom/build/reports/tests/1757972559919.31.png&#10;Page source: file:/Users/bawoper/Desktop/QAdiplom/diplom/build/reports/tests/1757972559919.31.html&#10;Timeout: 4 s.&#10;Caused by: NoSuchElementException: Cannot locate an element .input__sub.findBy(exact text &quot;Неверный формат&quot;)" type="com.codeborne.selenide.ex.ElementNotFound">Element not found {.input__sub.findBy(exact text &quot;Неверный формат&quot;)}
Expected: visible
Screenshot: file:/Users/bawoper/Desktop/QAdiplom/diplom/build/reports/tests/1757972559919.31.png
Page source: file:/Users/bawoper/Desktop/QAdiplom/diplom/build/reports/tests/1757972559919.31.html
Timeout: 4 s.
Caused by: NoSuchElementException: Cannot locate an element .input__sub.findBy(exact text &quot;Неверный формат&quot;)
	at app//com.codeborne.selenide.impl.WebElementSource.createElementNotFoundError(WebElementSource.java:91)
	at app//com.codeborne.selenide.impl.WebElementSource.handleError(WebElementSource.java:143)
	at app//com.codeborne.selenide.impl.WebElementSource.checkConditionAndReturnElement(WebElementSource.java:127)
	at app//com.codeborne.selenide.impl.WebElementSource.checkCondition(WebElementSource.java:104)
	at app//com.codeborne.selenide.commands.Should.execute(Should.java:30)
	at app//com.codeborne.selenide.commands.Should.execute(Should.java:14)
	at app//com.codeborne.selenide.commands.Commands.execute(Commands.java:165)
	at app//com.codeborne.selenide.impl.SelenideElementProxy.dispatchAndRetry(SelenideElementProxy.java:132)
	at app//com.codeborne.selenide.impl.SelenideElementProxy.invoke(SelenideElementProxy.java:84)
	at app//com.sun.proxy.$Proxy15.shouldBe(Unknown Source)
	at app//page.PurchaseTour.findErrorMessage(PurchaseTour.java:80)
	at app//test.ByCardTest.checkWrongCVc(ByCardTest.java:381)
	at java.base@11.0.26/java.lang.reflect.Method.invoke(Method.java:566)
	at java.base@11.0.26/java.util.ArrayList.forEach(ArrayList.java:1541)
	at java.base@11.0.26/java.util.ArrayList.forEach(ArrayList.java:1541)
Caused by: org.openqa.selenium.NoSuchElementException: Cannot locate an element .input__sub.findBy(exact text &quot;Неверный формат&quot;)
For documentation on this error, please visit: https://www.selenium.dev/documentation/webdriver/troubleshooting/errors#no-such-element-exception
Build info: version: '4.13.0', revision: 'ba948ece5b*'
System info: os.name: 'Mac OS X', os.arch: 'aarch64', os.version: '15.6.1', java.version: '11.0.26'
Driver info: driver.version: unknown
	at app//com.codeborne.selenide.impl.CollectionElementByCondition.getWebElement(CollectionElementByCondition.java:55)
	at app//com.codeborne.selenide.impl.WebElementSource.checkConditionAndReturnElement(WebElementSource.java:116)
	... 12 more
</failure>
  </testcase>
  <testcase name="Проверка проверка некорректного года (прошлый год)" classname="test.ByCardTest" time="0.296"/>
  <testcase name="Проверка покупки с валидной картой и проверка записи в БД" classname="test.ByCardTest" time="9.168"/>
  <testcase name="Проверка покупки с невалидной картой и проверка записи в БД" classname="test.ByCardTest" time="10.494">
    <failure message="Element not found {[class='notification__content'].findBy(exact text &quot;Ошибка! Банк отказал в проведении операции.&quot;)}&#10;Expected: visible&#10;Screenshot: file:/Users/bawoper/Desktop/QAdiplom/diplom/build/reports/tests/1757972579943.32.png&#10;Page source: file:/Users/bawoper/Desktop/QAdiplom/diplom/build/reports/tests/1757972579943.32.html&#10;Timeout: 10 s.&#10;Caused by: NoSuchElementException: Cannot locate an element [class='notification__content'].findBy(exact text &quot;Ошибка! Банк отказал в проведении операции.&quot;)" type="com.codeborne.selenide.ex.ElementNotFound">Element not found {[class='notification__content'].findBy(exact text &quot;Ошибка! Банк отказал в проведении операции.&quot;)}
Expected: visible
Screenshot: file:/Users/bawoper/Desktop/QAdiplom/diplom/build/reports/tests/1757972579943.32.png
Page source: file:/Users/bawoper/Desktop/QAdiplom/diplom/build/reports/tests/1757972579943.32.html
Timeout: 10 s.
Caused by: NoSuchElementException: Cannot locate an element [class='notification__content'].findBy(exact text &quot;Ошибка! Банк отказал в проведении операции.&quot;)
	at app//com.codeborne.selenide.impl.WebElementSource.createElementNotFoundError(WebElementSource.java:91)
	at app//com.codeborne.selenide.impl.WebElementSource.handleError(WebElementSource.java:143)
	at app//com.codeborne.selenide.impl.WebElementSource.checkConditionAndReturnElement(WebElementSource.java:127)
	at app//com.codeborne.selenide.impl.WebElementSource.checkCondition(WebElementSource.java:104)
	at app//com.codeborne.selenide.commands.Should.execute(Should.java:30)
	at app//com.codeborne.selenide.commands.Should.execute(Should.java:14)
	at app//com.codeborne.selenide.commands.Commands.execute(Commands.java:165)
	at app//com.codeborne.selenide.impl.SelenideElementProxy.dispatchAndRetry(SelenideElementProxy.java:132)
	at app//com.codeborne.selenide.impl.SelenideElementProxy.invoke(SelenideElementProxy.java:84)
	at app//com.sun.proxy.$Proxy15.shouldBe(Unknown Source)
	at app//page.PurchaseTour.rejected(PurchaseTour.java:62)
	at app//test.ByCardTest.checkHappyPathByCard_2(ByCardTest.java:467)
	at java.base@11.0.26/java.lang.reflect.Method.invoke(Method.java:566)
	at java.base@11.0.26/java.util.ArrayList.forEach(ArrayList.java:1541)
	at java.base@11.0.26/java.util.ArrayList.forEach(ArrayList.java:1541)
Caused by: org.openqa.selenium.NoSuchElementException: Cannot locate an element [class='notification__content'].findBy(exact text &quot;Ошибка! Банк отказал в проведении операции.&quot;)
For documentation on this error, please visit: https://www.selenium.dev/documentation/webdriver/troubleshooting/errors#no-such-element-exception
Build info: version: '4.13.0', revision: 'ba948ece5b*'
System info: os.name: 'Mac OS X', os.arch: 'aarch64', os.version: '15.6.1', java.version: '11.0.26'
Driver info: driver.version: unknown
	at app//com.codeborne.selenide.impl.CollectionElementByCondition.getWebElement(CollectionElementByCondition.java:55)
	at app//com.codeborne.selenide.impl.WebElementSource.checkConditionAndReturnElement(WebElementSource.java:116)
	... 12 more
</failure>
  </testcase>
  <testcase name="Проверка проверка некорректного года (одна цифра)" classname="test.ByCardTest" time="0.287"/>
  <testcase name="Проверка некорректного заполнения CVC (две цифры)" classname="test.ByCardTest" time="0.277"/>
  <testcase name="Проверка некорректного заполнения CVC (спецсимволы)" classname="test.ByCardTest" time="0.291"/>
  <testcase name="Проверка некорректного заполнения CVC (латиница)" classname="test.ByCardTest" time="0.282"/>
  <testcase name="Проверка некорректного заполнения CVC (кириллица)" classname="test.ByCardTest" time="0.284"/>
  <testcase name="Проверка некорректного ввода месяца (1 цифра)" classname="test.ByCardTest" time="0.287"/>
  <testcase name="Проверка некорректного ввода месяца (13-й месяц)" classname="test.ByCardTest" time="4.414">
    <failure message="Element not found {.input__sub.findBy(exact text &quot;Неверный формат&quot;)}&#10;Expected: visible&#10;Screenshot: file:/Users/bawoper/Desktop/QAdiplom/diplom/build/reports/tests/1757972586069.33.png&#10;Page source: file:/Users/bawoper/Desktop/QAdiplom/diplom/build/reports/tests/1757972586069.33.html&#10;Timeout: 4 s.&#10;Caused by: NoSuchElementException: Cannot locate an element .input__sub.findBy(exact text &quot;Неверный формат&quot;)" type="com.codeborne.selenide.ex.ElementNotFound">Element not found {.input__sub.findBy(exact text &quot;Неверный формат&quot;)}
Expected: visible
Screenshot: file:/Users/bawoper/Desktop/QAdiplom/diplom/build/reports/tests/1757972586069.33.png
Page source: file:/Users/bawoper/Desktop/QAdiplom/diplom/build/reports/tests/1757972586069.33.html
Timeout: 4 s.
Caused by: NoSuchElementException: Cannot locate an element .input__sub.findBy(exact text &quot;Неверный формат&quot;)
	at app//com.codeborne.selenide.impl.WebElementSource.createElementNotFoundError(WebElementSource.java:91)
	at app//com.codeborne.selenide.impl.WebElementSource.handleError(WebElementSource.java:143)
	at app//com.codeborne.selenide.impl.WebElementSource.checkConditionAndReturnElement(WebElementSource.java:127)
	at app//com.codeborne.selenide.impl.WebElementSource.checkCondition(WebElementSource.java:104)
	at app//com.codeborne.selenide.commands.Should.execute(Should.java:30)
	at app//com.codeborne.selenide.commands.Should.execute(Should.java:14)
	at app//com.codeborne.selenide.commands.Commands.execute(Commands.java:165)
	at app//com.codeborne.selenide.impl.SelenideElementProxy.dispatchAndRetry(SelenideElementProxy.java:132)
	at app//com.codeborne.selenide.impl.SelenideElementProxy.invoke(SelenideElementProxy.java:84)
	at app//com.sun.proxy.$Proxy15.shouldBe(Unknown Source)
	at app//page.PurchaseTour.findErrorMessage(PurchaseTour.java:80)
	at app//test.ByCardTest.checkWrongMonth_1(ByCardTest.java:171)
	at java.base@11.0.26/java.lang.reflect.Method.invoke(Method.java:566)
	at java.base@11.0.26/java.util.ArrayList.forEach(ArrayList.java:1541)
	at java.base@11.0.26/java.util.ArrayList.forEach(ArrayList.java:1541)
Caused by: org.openqa.selenium.NoSuchElementException: Cannot locate an element .input__sub.findBy(exact text &quot;Неверный формат&quot;)
For documentation on this error, please visit: https://www.selenium.dev/documentation/webdriver/troubleshooting/errors#no-such-element-exception
Build info: version: '4.13.0', revision: 'ba948ece5b*'
System info: os.name: 'Mac OS X', os.arch: 'aarch64', os.version: '15.6.1', java.version: '11.0.26'
Driver info: driver.version: unknown
	at app//com.codeborne.selenide.impl.CollectionElementByCondition.getWebElement(CollectionElementByCondition.java:55)
	at app//com.codeborne.selenide.impl.WebElementSource.checkConditionAndReturnElement(WebElementSource.java:116)
	... 12 more
</failure>
  </testcase>
  <testcase name="Проверка некорректного ввода месяца (все нули)" classname="test.ByCardTest" time="4.556">
    <failure message="Element not found {.input__sub.findBy(exact text &quot;Неверный формат&quot;)}&#10;Expected: visible&#10;Screenshot: file:/Users/bawoper/Desktop/QAdiplom/diplom/build/reports/tests/1757972590588.34.png&#10;Page source: file:/Users/bawoper/Desktop/QAdiplom/diplom/build/reports/tests/1757972590588.34.html&#10;Timeout: 4 s.&#10;Caused by: NoSuchElementException: Cannot locate an element .input__sub.findBy(exact text &quot;Неверный формат&quot;)" type="com.codeborne.selenide.ex.ElementNotFound">Element not found {.input__sub.findBy(exact text &quot;Неверный формат&quot;)}
Expected: visible
Screenshot: file:/Users/bawoper/Desktop/QAdiplom/diplom/build/reports/tests/1757972590588.34.png
Page source: file:/Users/bawoper/Desktop/QAdiplom/diplom/build/reports/tests/1757972590588.34.html
Timeout: 4 s.
Caused by: NoSuchElementException: Cannot locate an element .input__sub.findBy(exact text &quot;Неверный формат&quot;)
	at app//com.codeborne.selenide.impl.WebElementSource.createElementNotFoundError(WebElementSource.java:91)
	at app//com.codeborne.selenide.impl.WebElementSource.handleError(WebElementSource.java:143)
	at app//com.codeborne.selenide.impl.WebElementSource.checkConditionAndReturnElement(WebElementSource.java:127)
	at app//com.codeborne.selenide.impl.WebElementSource.checkCondition(WebElementSource.java:104)
	at app//com.codeborne.selenide.commands.Should.execute(Should.java:30)
	at app//com.codeborne.selenide.commands.Should.execute(Should.java:14)
	at app//com.codeborne.selenide.commands.Commands.execute(Commands.java:165)
	at app//com.codeborne.selenide.impl.SelenideElementProxy.dispatchAndRetry(SelenideElementProxy.java:132)
	at app//com.codeborne.selenide.impl.SelenideElementProxy.invoke(SelenideElementProxy.java:84)
	at app//com.sun.proxy.$Proxy15.shouldBe(Unknown Source)
	at app//page.PurchaseTour.findErrorMessage(PurchaseTour.java:80)
	at app//test.ByCardTest.checkWrongMonth_2(ByCardTest.java:184)
	at java.base@11.0.26/java.lang.reflect.Method.invoke(Method.java:566)
	at java.base@11.0.26/java.util.ArrayList.forEach(ArrayList.java:1541)
	at java.base@11.0.26/java.util.ArrayList.forEach(ArrayList.java:1541)
Caused by: org.openqa.selenium.NoSuchElementException: Cannot locate an element .input__sub.findBy(exact text &quot;Неверный формат&quot;)
For documentation on this error, please visit: https://www.selenium.dev/documentation/webdriver/troubleshooting/errors#no-such-element-exception
Build info: version: '4.13.0', revision: 'ba948ece5b*'
System info: os.name: 'Mac OS X', os.arch: 'aarch64', os.version: '15.6.1', java.version: '11.0.26'
Driver info: driver.version: unknown
	at app//com.codeborne.selenide.impl.CollectionElementByCondition.getWebElement(CollectionElementByCondition.java:55)
	at app//com.codeborne.selenide.impl.WebElementSource.checkConditionAndReturnElement(WebElementSource.java:116)
	... 12 more
</failure>
  </testcase>
  <testcase name="Проверка некорректного ввода месяца (спецсимволы)" classname="test.ByCardTest" time="4.393">
    <failure message="Element not found {.input__sub.findBy(exact text &quot;Поле обязательно для заполнения&quot;)}&#10;Expected: visible&#10;Screenshot: file:/Users/bawoper/Desktop/QAdiplom/diplom/build/reports/tests/1757972595044.35.png&#10;Page source: file:/Users/bawoper/Desktop/QAdiplom/diplom/build/reports/tests/1757972595044.35.html&#10;Timeout: 4 s.&#10;Caused by: NoSuchElementException: Cannot locate an element .input__sub.findBy(exact text &quot;Поле обязательно для заполнения&quot;)" type="com.codeborne.selenide.ex.ElementNotFound">Element not found {.input__sub.findBy(exact text &quot;Поле обязательно для заполнения&quot;)}
Expected: visible
Screenshot: file:/Users/bawoper/Desktop/QAdiplom/diplom/build/reports/tests/1757972595044.35.png
Page source: file:/Users/bawoper/Desktop/QAdiplom/diplom/build/reports/tests/1757972595044.35.html
Timeout: 4 s.
Caused by: NoSuchElementException: Cannot locate an element .input__sub.findBy(exact text &quot;Поле обязательно для заполнения&quot;)
	at app//com.codeborne.selenide.impl.WebElementSource.createElementNotFoundError(WebElementSource.java:91)
	at app//com.codeborne.selenide.impl.WebElementSource.handleError(WebElementSource.java:143)
	at app//com.codeborne.selenide.impl.WebElementSource.checkConditionAndReturnElement(WebElementSource.java:127)
	at app//com.codeborne.selenide.impl.WebElementSource.checkCondition(WebElementSource.java:104)
	at app//com.codeborne.selenide.commands.Should.execute(Should.java:30)
	at app//com.codeborne.selenide.commands.Should.execute(Should.java:14)
	at app//com.codeborne.selenide.commands.Commands.execute(Commands.java:165)
	at app//com.codeborne.selenide.impl.SelenideElementProxy.dispatchAndRetry(SelenideElementProxy.java:132)
	at app//com.codeborne.selenide.impl.SelenideElementProxy.invoke(SelenideElementProxy.java:84)
	at app//com.sun.proxy.$Proxy15.shouldBe(Unknown Source)
	at app//page.PurchaseTour.findErrorMessage(PurchaseTour.java:80)
	at app//test.ByCardTest.checkWrongMonth_3(ByCardTest.java:198)
	at java.base@11.0.26/java.lang.reflect.Method.invoke(Method.java:566)
	at java.base@11.0.26/java.util.ArrayList.forEach(ArrayList.java:1541)
	at java.base@11.0.26/java.util.ArrayList.forEach(ArrayList.java:1541)
Caused by: org.openqa.selenium.NoSuchElementException: Cannot locate an element .input__sub.findBy(exact text &quot;Поле обязательно для заполнения&quot;)
For documentation on this error, please visit: https://www.selenium.dev/documentation/webdriver/troubleshooting/errors#no-such-element-exception
Build info: version: '4.13.0', revision: 'ba948ece5b*'
System info: os.name: 'Mac OS X', os.arch: 'aarch64', os.version: '15.6.1', java.version: '11.0.26'
Driver info: driver.version: unknown
	at app//com.codeborne.selenide.impl.CollectionElementByCondition.getWebElement(CollectionElementByCondition.java:55)
	at app//com.codeborne.selenide.impl.WebElementSource.checkConditionAndReturnElement(WebElementSource.java:116)
	... 12 more
</failure>
  </testcase>
  <testcase name="Проверка некорректного ввода месяца (латиница)" classname="test.ByCardTest" time="4.424">
    <failure message="Element not found {.input__sub.findBy(exact text &quot;Поле обязательно для заполнения&quot;)}&#10;Expected: visible&#10;Screenshot: file:/Users/bawoper/Desktop/QAdiplom/diplom/build/reports/tests/1757972599440.36.png&#10;Page source: file:/Users/bawoper/Desktop/QAdiplom/diplom/build/reports/tests/1757972599440.36.html&#10;Timeout: 4 s.&#10;Caused by: NoSuchElementException: Cannot locate an element .input__sub.findBy(exact text &quot;Поле обязательно для заполнения&quot;)" type="com.codeborne.selenide.ex.ElementNotFound">Element not found {.input__sub.findBy(exact text &quot;Поле обязательно для заполнения&quot;)}
Expected: visible
Screenshot: file:/Users/bawoper/Desktop/QAdiplom/diplom/build/reports/tests/1757972599440.36.png
Page source: file:/Users/bawoper/Desktop/QAdiplom/diplom/build/reports/tests/1757972599440.36.html
Timeout: 4 s.
Caused by: NoSuchElementException: Cannot locate an element .input__sub.findBy(exact text &quot;Поле обязательно для заполнения&quot;)
	at app//com.codeborne.selenide.impl.WebElementSource.createElementNotFoundError(WebElementSource.java:91)
	at app//com.codeborne.selenide.impl.WebElementSource.handleError(WebElementSource.java:143)
	at app//com.codeborne.selenide.impl.WebElementSource.checkConditionAndReturnElement(WebElementSource.java:127)
	at app//com.codeborne.selenide.impl.WebElementSource.checkCondition(WebElementSource.java:104)
	at app//com.codeborne.selenide.commands.Should.execute(Should.java:30)
	at app//com.codeborne.selenide.commands.Should.execute(Should.java:14)
	at app//com.codeborne.selenide.commands.Commands.execute(Commands.java:165)
	at app//com.codeborne.selenide.impl.SelenideElementProxy.dispatchAndRetry(SelenideElementProxy.java:132)
	at app//com.codeborne.selenide.impl.SelenideElementProxy.invoke(SelenideElementProxy.java:84)
	at app//com.sun.proxy.$Proxy15.shouldBe(Unknown Source)
	at app//page.PurchaseTour.findErrorMessage(PurchaseTour.java:80)
	at app//test.ByCardTest.checkWrongMonth_4(ByCardTest.java:211)
	at java.base@11.0.26/java.lang.reflect.Method.invoke(Method.java:566)
	at java.base@11.0.26/java.util.ArrayList.forEach(ArrayList.java:1541)
	at java.base@11.0.26/java.util.ArrayList.forEach(ArrayList.java:1541)
Caused by: org.openqa.selenium.NoSuchElementException: Cannot locate an element .input__sub.findBy(exact text &quot;Поле обязательно для заполнения&quot;)
For documentation on this error, please visit: https://www.selenium.dev/documentation/webdriver/troubleshooting/errors#no-such-element-exception
Build info: version: '4.13.0', revision: 'ba948ece5b*'
System info: os.name: 'Mac OS X', os.arch: 'aarch64', os.version: '15.6.1', java.version: '11.0.26'
Driver info: driver.version: unknown
	at app//com.codeborne.selenide.impl.CollectionElementByCondition.getWebElement(CollectionElementByCondition.java:55)
	at app//com.codeborne.selenide.impl.WebElementSource.checkConditionAndReturnElement(WebElementSource.java:116)
	... 12 more
</failure>
  </testcase>
  <testcase name="Проверка некорректного ввода месяца (кириллица)" classname="test.ByCardTest" time="4.429">
    <failure message="Element not found {.input__sub.findBy(exact text &quot;Поле обязательно для заполнения&quot;)}&#10;Expected: visible&#10;Screenshot: file:/Users/bawoper/Desktop/QAdiplom/diplom/build/reports/tests/1757972603872.37.png&#10;Page source: file:/Users/bawoper/Desktop/QAdiplom/diplom/build/reports/tests/1757972603872.37.html&#10;Timeout: 4 s.&#10;Caused by: NoSuchElementException: Cannot locate an element .input__sub.findBy(exact text &quot;Поле обязательно для заполнения&quot;)" type="com.codeborne.selenide.ex.ElementNotFound">Element not found {.input__sub.findBy(exact text &quot;Поле обязательно для заполнения&quot;)}
Expected: visible
Screenshot: file:/Users/bawoper/Desktop/QAdiplom/diplom/build/reports/tests/1757972603872.37.png
Page source: file:/Users/bawoper/Desktop/QAdiplom/diplom/build/reports/tests/1757972603872.37.html
Timeout: 4 s.
Caused by: NoSuchElementException: Cannot locate an element .input__sub.findBy(exact text &quot;Поле обязательно для заполнения&quot;)
	at app//com.codeborne.selenide.impl.WebElementSource.createElementNotFoundError(WebElementSource.java:91)
	at app//com.codeborne.selenide.impl.WebElementSource.handleError(WebElementSource.java:143)
	at app//com.codeborne.selenide.impl.WebElementSource.checkConditionAndReturnElement(WebElementSource.java:127)
	at app//com.codeborne.selenide.impl.WebElementSource.checkCondition(WebElementSource.java:104)
	at app//com.codeborne.selenide.commands.Should.execute(Should.java:30)
	at app//com.codeborne.selenide.commands.Should.execute(Should.java:14)
	at app//com.codeborne.selenide.commands.Commands.execute(Commands.java:165)
	at app//com.codeborne.selenide.impl.SelenideElementProxy.dispatchAndRetry(SelenideElementProxy.java:132)
	at app//com.codeborne.selenide.impl.SelenideElementProxy.invoke(SelenideElementProxy.java:84)
	at app//com.sun.proxy.$Proxy15.shouldBe(Unknown Source)
	at app//page.PurchaseTour.findErrorMessage(PurchaseTour.java:80)
	at app//test.ByCardTest.checkWrongMonth_5(ByCardTest.java:224)
	at java.base@11.0.26/java.lang.reflect.Method.invoke(Method.java:566)
	at java.base@11.0.26/java.util.ArrayList.forEach(ArrayList.java:1541)
	at java.base@11.0.26/java.util.ArrayList.forEach(ArrayList.java:1541)
Caused by: org.openqa.selenium.NoSuchElementException: Cannot locate an element .input__sub.findBy(exact text &quot;Поле обязательно для заполнения&quot;)
For documentation on this error, please visit: https://www.selenium.dev/documentation/webdriver/troubleshooting/errors#no-such-element-exception
Build info: version: '4.13.0', revision: 'ba948ece5b*'
System info: os.name: 'Mac OS X', os.arch: 'aarch64', os.version: '15.6.1', java.version: '11.0.26'
Driver info: driver.version: unknown
	at app//com.codeborne.selenide.impl.CollectionElementByCondition.getWebElement(CollectionElementByCondition.java:55)
	at app//com.codeborne.selenide.impl.WebElementSource.checkConditionAndReturnElement(WebElementSource.java:116)
	... 12 more
</failure>
  </testcase>
  <testcase name="Проверка пустой строки номера карты" classname="test.ByCardTest" time="4.412">
    <failure message="Element not found {.input__sub.findBy(exact text &quot;Поле обязательно для заполнения&quot;)}&#10;Expected: visible&#10;Screenshot: file:/Users/bawoper/Desktop/QAdiplom/diplom/build/reports/tests/1757972608296.38.png&#10;Page source: file:/Users/bawoper/Desktop/QAdiplom/diplom/build/reports/tests/1757972608296.38.html&#10;Timeout: 4 s.&#10;Caused by: NoSuchElementException: Cannot locate an element .input__sub.findBy(exact text &quot;Поле обязательно для заполнения&quot;)" type="com.codeborne.selenide.ex.ElementNotFound">Element not found {.input__sub.findBy(exact text &quot;Поле обязательно для заполнения&quot;)}
Expected: visible
Screenshot: file:/Users/bawoper/Desktop/QAdiplom/diplom/build/reports/tests/1757972608296.38.png
Page source: file:/Users/bawoper/Desktop/QAdiplom/diplom/build/reports/tests/1757972608296.38.html
Timeout: 4 s.
Caused by: NoSuchElementException: Cannot locate an element .input__sub.findBy(exact text &quot;Поле обязательно для заполнения&quot;)
	at app//com.codeborne.selenide.impl.WebElementSource.createElementNotFoundError(WebElementSource.java:91)
	at app//com.codeborne.selenide.impl.WebElementSource.handleError(WebElementSource.java:143)
	at app//com.codeborne.selenide.impl.WebElementSource.checkConditionAndReturnElement(WebElementSource.java:127)
	at app//com.codeborne.selenide.impl.WebElementSource.checkCondition(WebElementSource.java:104)
	at app//com.codeborne.selenide.commands.Should.execute(Should.java:30)
	at app//com.codeborne.selenide.commands.Should.execute(Should.java:14)
	at app//com.codeborne.selenide.commands.Commands.execute(Commands.java:165)
	at app//com.codeborne.selenide.impl.SelenideElementProxy.dispatchAndRetry(SelenideElementProxy.java:132)
	at app//com.codeborne.selenide.impl.SelenideElementProxy.invoke(SelenideElementProxy.java:84)
	at app//com.sun.proxy.$Proxy15.shouldBe(Unknown Source)
	at app//page.PurchaseTour.findErrorMessage(PurchaseTour.java:80)
	at app//test.ByCardTest.checkEmptyCardString(ByCardTest.java:53)
	at java.base@11.0.26/java.lang.reflect.Method.invoke(Method.java:566)
	at java.base@11.0.26/java.util.ArrayList.forEach(ArrayList.java:1541)
	at java.base@11.0.26/java.util.ArrayList.forEach(ArrayList.java:1541)
Caused by: org.openqa.selenium.NoSuchElementException: Cannot locate an element .input__sub.findBy(exact text &quot;Поле обязательно для заполнения&quot;)
For documentation on this error, please visit: https://www.selenium.dev/documentation/webdriver/troubleshooting/errors#no-such-element-exception
Build info: version: '4.13.0', revision: 'ba948ece5b*'
System info: os.name: 'Mac OS X', os.arch: 'aarch64', os.version: '15.6.1', java.version: '11.0.26'
Driver info: driver.version: unknown
	at app//com.codeborne.selenide.impl.CollectionElementByCondition.getWebElement(CollectionElementByCondition.java:55)
	at app//com.codeborne.selenide.impl.WebElementSource.checkConditionAndReturnElement(WebElementSource.java:116)
	... 12 more
</failure>
  </testcase>
  <testcase name="Проверка некорректного владельца (цифры)" classname="test.ByCardTest" time="4.573">
    <failure message="Element not found {.input__sub.findBy(exact text &quot;Неверный формат&quot;)}&#10;Expected: visible&#10;Screenshot: file:/Users/bawoper/Desktop/QAdiplom/diplom/build/reports/tests/1757972612822.39.png&#10;Page source: file:/Users/bawoper/Desktop/QAdiplom/diplom/build/reports/tests/1757972612822.39.html&#10;Timeout: 4 s.&#10;Caused by: NoSuchElementException: Cannot locate an element .input__sub.findBy(exact text &quot;Неверный формат&quot;)" type="com.codeborne.selenide.ex.ElementNotFound">Element not found {.input__sub.findBy(exact text &quot;Неверный формат&quot;)}
Expected: visible
Screenshot: file:/Users/bawoper/Desktop/QAdiplom/diplom/build/reports/tests/1757972612822.39.png
Page source: file:/Users/bawoper/Desktop/QAdiplom/diplom/build/reports/tests/1757972612822.39.html
Timeout: 4 s.
Caused by: NoSuchElementException: Cannot locate an element .input__sub.findBy(exact text &quot;Неверный формат&quot;)
	at app//com.codeborne.selenide.impl.WebElementSource.createElementNotFoundError(WebElementSource.java:91)
	at app//com.codeborne.selenide.impl.WebElementSource.handleError(WebElementSource.java:143)
	at app//com.codeborne.selenide.impl.WebElementSource.checkConditionAndReturnElement(WebElementSource.java:127)
	at app//com.codeborne.selenide.impl.WebElementSource.checkCondition(WebElementSource.java:104)
	at app//com.codeborne.selenide.commands.Should.execute(Should.java:30)
	at app//com.codeborne.selenide.commands.Should.execute(Should.java:14)
	at app//com.codeborne.selenide.commands.Commands.execute(Commands.java:165)
	at app//com.codeborne.selenide.impl.SelenideElementProxy.dispatchAndRetry(SelenideElementProxy.java:132)
	at app//com.codeborne.selenide.impl.SelenideElementProxy.invoke(SelenideElementProxy.java:84)
	at app//com.sun.proxy.$Proxy15.shouldBe(Unknown Source)
	at app//page.PurchaseTour.findErrorMessage(PurchaseTour.java:80)
	at app//test.ByCardTest.checkWrongCardHolder(ByCardTest.java:328)
	at java.base@11.0.26/java.lang.reflect.Method.invoke(Method.java:566)
	at java.base@11.0.26/java.util.ArrayList.forEach(ArrayList.java:1541)
	at java.base@11.0.26/java.util.ArrayList.forEach(ArrayList.java:1541)
Caused by: org.openqa.selenium.NoSuchElementException: Cannot locate an element .input__sub.findBy(exact text &quot;Неверный формат&quot;)
For documentation on this error, please visit: https://www.selenium.dev/documentation/webdriver/troubleshooting/errors#no-such-element-exception
Build info: version: '4.13.0', revision: 'ba948ece5b*'
System info: os.name: 'Mac OS X', os.arch: 'aarch64', os.version: '15.6.1', java.version: '11.0.26'
Driver info: driver.version: unknown
	at app//com.codeborne.selenide.impl.CollectionElementByCondition.getWebElement(CollectionElementByCondition.java:55)
	at app//com.codeborne.selenide.impl.WebElementSource.checkConditionAndReturnElement(WebElementSource.java:116)
	... 12 more
</failure>
  </testcase>
  <testcase name="Проверка пустого поля CVC" classname="test.ByCardTest" time="0.292"/>
  <testcase name="Проверка некорректного номера карты (1 цифра)" classname="test.ByCardTest" time="0.282"/>
  <system-out><![CDATA[]]></system-out>
  <system-err><![CDATA[]]></system-err>
</testsuite>
